MPI_RANK: 0  MPI_SIZE: 4
1
rank_local=  0   GOMP_CPU_AFFINITY=  0-0:1   HIP_VISIBLE_DEVICES=  0
MPI_RANK: 1  MPI_SIZE: 4
1
rank_local=  1   GOMP_CPU_AFFINITY=  24-24:1   HIP_VISIBLE_DEVICES=  1
MPI_RANK: 2  MPI_SIZE: 4
1
MPI_RANK: 0  MPI_SIZE: 4
rank_local=  2   GOMP_CPU_AFFINITY=  48-48:1   HIP_VISIBLE_DEVICES=  2
1
rank_local=  0   GOMP_CPU_AFFINITY=  0-0:1   HIP_VISIBLE_DEVICES=  0
MPI_RANK: 2  MPI_SIZE: 4
1
rank_local=  2   GOMP_CPU_AFFINITY=  48-48:1   HIP_VISIBLE_DEVICES=  2
MPI_RANK: 3  MPI_SIZE: 4
1
rank_local=  3   GOMP_CPU_AFFINITY=  72-72:1   HIP_VISIBLE_DEVICES=  3
MPI_RANK: 1  MPI_SIZE: 4
1
rank_local=  1   GOMP_CPU_AFFINITY=  24-24:1   HIP_VISIBLE_DEVICES=  1
MPI_RANK: 3  MPI_SIZE: 4
1
rank_local=  3   GOMP_CPU_AFFINITY=  72-72:1   HIP_VISIBLE_DEVICES=  3
Creating GPU Distributed environment. 
---------------------------------------------------------------------------------
Running BMT:
	Basic circuit involving a sequential conduction of X & CNOT gates
---------------------------------------------------------------------------------
WARNING: No CPU allocation for stateVec arrays 

-------------------
Basic Configuration
-------------------
QUBITS:
Number of qubits is 34.
Number of amps is 17179869184.
Number of amps per rank is 2147483648.
EXECUTION ENVIRONMENT:
Running locally on one node with GPU via custom kernels
Number of ranks is 8
OpenMP disabled
Precision: size of qreal is 8 bytes

------------------
Running Circuit...
------------------
loop = 1
Probability amplitude of |1...1>: 1
Probability amplitude of |1...1>: 0
loop = 2
Probability amplitude of |1...1>: 1
Probability amplitude of |1...1>: 0
loop = 3
Probability amplitude of |1...1>: 1
Probability amplitude of |1...1>: 0
loop = 4
Probability amplitude of |1...1>: 1
Probability amplitude of |1...1>: 0
loop = 5
Probability amplitude of |1...1>: 1
Probability amplitude of |1...1>: 0
loop = 6
Probability amplitude of |1...1>: 1
Probability amplitude of |1...1>: 0
loop = 7
Probability amplitude of |1...1>: 1
Probability amplitude of |1...1>: 0
loop = 8
Probability amplitude of |1...1>: 1
Probability amplitude of |1...1>: 0
loop = 9
Probability amplitude of |1...1>: 1
Probability amplitude of |1...1>: 0
loop = 10
Probability amplitude of |1...1>: 1
Probability amplitude of |1...1>: 0
loop = 11
Probability amplitude of |1...1>: 1
Probability amplitude of |1...1>: 0
loop = 12
Probability amplitude of |1...1>: 1
Probability amplitude of |1...1>: 0
loop = 13
Probability amplitude of |1...1>: 1
Probability amplitude of |1...1>: 0
loop = 14
Probability amplitude of |1...1>: 1
Probability amplitude of |1...1>: 0
loop = 15
Probability amplitude of |1...1>: 1
Probability amplitude of |1...1>: 0
loop = 16
Probability amplitude of |1...1>: 1
Probability amplitude of |1...1>: 0
loop = 17
Probability amplitude of |1...1>: 1
Probability amplitude of |1...1>: 0
loop = 18
Probability amplitude of |1...1>: 1
Probability amplitude of |1...1>: 0
loop = 19
Probability amplitude of |1...1>: 1
Probability amplitude of |1...1>: 0
loop = 20
Probability amplitude of |1...1>: 1
Probability amplitude of |1...1>: 0
loop = 21
Probability amplitude of |1...1>: 1
Probability amplitude of |1...1>: 0
loop = 22
Probability amplitude of |1...1>: 1
Probability amplitude of |1...1>: 0
loop = 23
Probability amplitude of |1...1>: 1
Probability amplitude of |1...1>: 0
loop = 24
Probability amplitude of |1...1>: 1
Probability amplitude of |1...1>: 0
loop = 25
Probability amplitude of |1...1>: 1
Probability amplitude of |1...1>: 0
loop = 26
Probability amplitude of |1...1>: 1
Probability amplitude of |1...1>: 0
loop = 27
Probability amplitude of |1...1>: 1
Probability amplitude of |1...1>: 0
loop = 28
Probability amplitude of |1...1>: 1
Probability amplitude of |1...1>: 0
loop = 29
Probability amplitude of |1...1>: 1
Probability amplitude of |1...1>: 0
loop = 30
Probability amplitude of |1...1>: 1
Probability amplitude of |1...1>: 0

------------
Finishing...
------------

Time components:
---------------------------------------------------
Allocation & Initialization: 3.278916e+00 (seconds)
Circuit Operation:           1.709096e+02 (seconds)
Deallocation:                4.612828e-03 (seconds)
---------------------------------------------------
MPI time. min: 133.17   max: 134.39  avrg: 133.85 secs 
MPI transfer size. min: 5760.00   max: 5760.00  avrg: 5760.00 GB 
MPI Bandwidth per rank. min: 42.86   max: 43.25  avrg: 43.03 GB/s 
