SLUM_NODES=1  NODE_LIST:x1000c1s7b1n0
Starting SLURM job. Tue 07 Jan 2025 04:18:44 PM PST
Setting environment for system: lockhart_mi250x
QUEST_ROOT: /home/bvillase/code/kisti/QuEST
Starting app run. Tue 07 Jan 2025 04:18:45 PM PST
QUEST_SYSTEM=lockhart_mi250x
QUEST_EXEC=/home/bvillase/code/kisti/QuEST/build_mi250x/quest_problem_1
N_QUBIT=33
PROFILER_CMD=/home/bvillase/code/kisti/QuEST/scripts/rocprofv3_mpi_wrapper.sh /home/bvillase/benchmarks/quest/mi250x/problem_1/rocprofv3_nqubit33_nnodes1_nmpi8/stats results --kernel-trace --stats --truncate-kernels --
Run command: srun -n 8 --cpu-bind=verbose --cpu-bind=mask_cpu:ff000000000000,ff00000000000000,ff0000,ff000000,ff,ff00,ff00000000,ff0000000000 /home/bvillase/code/kisti/QuEST/scripts/rocprofv3_mpi_wrapper.sh /home/bvillase/benchmarks/quest/mi250x/problem_1/rocprofv3_nqubit33_nnodes1_nmpi8/stats results --kernel-trace --stats --truncate-kernels -- /home/bvillase/code/kisti/QuEST/build_mi250x/quest_problem_1 33 |& tee /home/bvillase/benchmarks/quest/mi250x/problem_1/rocprofv3_nqubit33_nnodes1_nmpi8/app_output.log
[0;31mE20250107 16:20:27.211806 139723869305856 output_file.cpp:69] Opened result file: /home/bvillase/benchmarks/quest/mi250x/problem_1/rocprofv3_nqubit33_nnodes1_nmpi8/stats/rank_2/results_agent_info.csv
[0;31mE20250107 16:20:27.212559 140141832764416 output_file.cpp:69] Opened result file: /home/bvillase/benchmarks/quest/mi250x/problem_1/rocprofv3_nqubit33_nnodes1_nmpi8/stats/rank_7/results_agent_info.csv
[0;31mE20250107 16:20:27.213794 139764952759296 output_file.cpp:69] Opened result file: /home/bvillase/benchmarks/quest/mi250x/problem_1/rocprofv3_nqubit33_nnodes1_nmpi8/stats/rank_0/results_agent_info.csv
[0;31mE20250107 16:20:27.215926 140071537523712 output_file.cpp:69] Opened result file: /home/bvillase/benchmarks/quest/mi250x/problem_1/rocprofv3_nqubit33_nnodes1_nmpi8/stats/rank_6/results_agent_info.csv
[0;31mE20250107 16:20:27.216521 140209602333696 output_file.cpp:69] Opened result file: /home/bvillase/benchmarks/quest/mi250x/problem_1/rocprofv3_nqubit33_nnodes1_nmpi8/stats/rank_1/results_agent_info.csv
[0;31mE20250107 16:20:27.217878 140015651077120 output_file.cpp:69] Opened result file: /home/bvillase/benchmarks/quest/mi250x/problem_1/rocprofv3_nqubit33_nnodes1_nmpi8/stats/rank_4/results_agent_info.csv
[0;31mE20250107 16:20:27.225915 140146327735296 output_file.cpp:69] Opened result file: /home/bvillase/benchmarks/quest/mi250x/problem_1/rocprofv3_nqubit33_nnodes1_nmpi8/stats/rank_3/results_agent_info.csv
[0;31mE20250107 16:20:27.226269 140101877226496 output_file.cpp:69] Opened result file: /home/bvillase/benchmarks/quest/mi250x/problem_1/rocprofv3_nqubit33_nnodes1_nmpi8/stats/rank_5/results_agent_info.csv
[m[0;31mE20250107 16:20:27.230974 139723869305856 output_file.cpp:69] Opened result file: /home/bvillase/benchmarks/quest/mi250x/problem_1/rocprofv3_nqubit33_nnodes1_nmpi8/stats/rank_2/results_kernel_trace.csv
[m[0;31mE20250107 16:20:27.247239 139723869305856 output_file.cpp:69] Opened result file: /home/bvillase/benchmarks/quest/mi250x/problem_1/rocprofv3_nqubit33_nnodes1_nmpi8/stats/rank_2/results_kernel_stats.csv
[m[0;31mE20250107 16:20:27.248658 140141832764416 output_file.cpp:69] Opened result file: /home/bvillase/benchmarks/quest/mi250x/problem_1/rocprofv3_nqubit33_nnodes1_nmpi8/stats/rank_7/results_kernel_trace.csv
[m[0;31mE20250107 16:20:27.248903 140071537523712 output_file.cpp:69] Opened result file: /home/bvillase/benchmarks/quest/mi250x/problem_1/rocprofv3_nqubit33_nnodes1_nmpi8/stats/rank_6/results_kernel_trace.csv
[m[0;31mE20250107 16:20:27.255379 139764952759296 output_file.cpp:69] Opened result file: /home/bvillase/benchmarks/quest/mi250x/problem_1/rocprofv3_nqubit33_nnodes1_nmpi8/stats/rank_0/results_kernel_trace.csv
[m[0;31mE20250107 16:20:27.256615 140141832764416 output_file.cpp:69] Opened result file: /home/bvillase/benchmarks/quest/mi250x/problem_1/rocprofv3_nqubit33_nnodes1_nmpi8/stats/rank_7/results_kernel_stats.csv
[m[0;31mE20250107 16:20:27.257185 140071537523712 output_file.cpp:69] Opened result file: /home/bvillase/benchmarks/quest/mi250x/problem_1/rocprofv3_nqubit33_nnodes1_nmpi8/stats/rank_6/results_kernel_stats.csv
[m[0;31mE20250107 16:20:27.259524 139723869305856 output_file.cpp:69] Opened result file: /home/bvillase/benchmarks/quest/mi250x/problem_1/rocprofv3_nqubit33_nnodes1_nmpi8/stats/rank_2/results_domain_stats.csv
[m[0;31mE20250107 16:20:27.263644 140209602333696 output_file.cpp:69] Opened result file: /home/bvillase/benchmarks/quest/mi250x/problem_1/rocprofv3_nqubit33_nnodes1_nmpi8/stats/rank_1/results_kernel_trace.csv
[m[0;31mE20250107 16:20:27.266590 139764952759296 output_file.cpp:69] Opened result file: /home/bvillase/benchmarks/quest/mi250x/problem_1/rocprofv3_nqubit33_nnodes1_nmpi8/stats/rank_0/results_kernel_stats.csv
[m[0;31mE20250107 16:20:27.266687 140141832764416 output_file.cpp:69] Opened result file: /home/bvillase/benchmarks/quest/mi250x/problem_1/rocprofv3_nqubit33_nnodes1_nmpi8/stats/rank_7/results_domain_stats.csv
[m[0;31mE20250107 16:20:27.283289 140015651077120 output_file.cpp:69] Opened result file: /home/bvillase/benchmarks/quest/mi250x/problem_1/rocprofv3_nqubit33_nnodes1_nmpi8/stats/rank_4/results_kernel_trace.csv
[m[0;31mE20250107 16:20:27.283854 140071537523712 output_file.cpp:69] Opened result file: /home/bvillase/benchmarks/quest/mi250x/problem_1/rocprofv3_nqubit33_nnodes1_nmpi8/stats/rank_6/results_domain_stats.csv
[m[0;31mE20250107 16:20:27.284032 139764952759296 output_file.cpp:69] Opened result file: /home/bvillase/benchmarks/quest/mi250x/problem_1/rocprofv3_nqubit33_nnodes1_nmpi8/stats/rank_0/results_domain_stats.csv
[m[0;31mE20250107 16:20:27.284241 140209602333696 output_file.cpp:69] Opened result file: /home/bvillase/benchmarks/quest/mi250x/problem_1/rocprofv3_nqubit33_nnodes1_nmpi8/stats/rank_1/results_kernel_stats.csv
[m[0;31mE20250107 16:20:27.285718 140101877226496 output_file.cpp:69] Opened result file: /home/bvillase/benchmarks/quest/mi250x/problem_1/rocprofv3_nqubit33_nnodes1_nmpi8/stats/rank_5/results_kernel_trace.csv
[m[0;31mE20250107 16:20:27.287547 140146327735296 output_file.cpp:69] Opened result file: /home/bvillase/benchmarks/quest/mi250x/problem_1/rocprofv3_nqubit33_nnodes1_nmpi8/stats/rank_3/results_kernel_trace.csv
[m[0;31mE20250107 16:20:27.289710 140209602333696 output_file.cpp:69] Opened result file: /home/bvillase/benchmarks/quest/mi250x/problem_1/rocprofv3_nqubit33_nnodes1_nmpi8/stats/rank_1/results_domain_stats.csv
[m[0;31mE20250107 16:20:27.290229 140015651077120 output_file.cpp:69] Opened result file: /home/bvillase/benchmarks/quest/mi250x/problem_1/rocprofv3_nqubit33_nnodes1_nmpi8/stats/rank_4/results_kernel_stats.csv
[m[0;31mE20250107 16:20:27.293816 140101877226496 output_file.cpp:69] Opened result file: /home/bvillase/benchmarks/quest/mi250x/problem_1/rocprofv3_nqubit33_nnodes1_nmpi8/stats/rank_5/results_kernel_stats.csv
[m[0;31mE20250107 16:20:27.294701 140146327735296 output_file.cpp:69] Opened result file: /home/bvillase/benchmarks/quest/mi250x/problem_1/rocprofv3_nqubit33_nnodes1_nmpi8/stats/rank_3/results_kernel_stats.csv
[m[0;31mE20250107 16:20:27.296321 140015651077120 output_file.cpp:69] Opened result file: /home/bvillase/benchmarks/quest/mi250x/problem_1/rocprofv3_nqubit33_nnodes1_nmpi8/stats/rank_4/results_domain_stats.csv
[m[0;31mE20250107 16:20:27.300174 140101877226496 output_file.cpp:69] Opened result file: /home/bvillase/benchmarks/quest/mi250x/problem_1/rocprofv3_nqubit33_nnodes1_nmpi8/stats/rank_5/results_domain_stats.csv
[m[0;31mE20250107 16:20:27.300231 140146327735296 output_file.cpp:69] Opened result file: /home/bvillase/benchmarks/quest/mi250x/problem_1/rocprofv3_nqubit33_nnodes1_nmpi8/stats/rank_3/results_domain_stats.csv
Creating GPU Distributed environment. 
---------------------------------------------------------------------------------
Running BMT:
	Basic circuit involving a sequential conduction of X & CNOT gates
---------------------------------------------------------------------------------
WARNING: No CPU allocation for stateVec arrays 

-------------------
Basic Configuration
-------------------
QUBITS:
Number of qubits is 33.
Number of amps is 8589934592.
Number of amps per rank is 1073741824.
EXECUTION ENVIRONMENT:
Running locally on one node with GPU via custom kernels
Number of ranks is 8
OpenMP disabled
Precision: size of qreal is 8 bytes

------------------
Running Circuit...
------------------
loop = 1
Probability amplitude of |1...1>: 1
Probability amplitude of |1...1>: 0
loop = 2
Probability amplitude of |1...1>: 1
Probability amplitude of |1...1>: 0
loop = 3
Probability amplitude of |1...1>: 1
Probability amplitude of |1...1>: 0
loop = 4
Probability amplitude of |1...1>: 1
Probability amplitude of |1...1>: 0
loop = 5
Probability amplitude of |1...1>: 1
Probability amplitude of |1...1>: 0
loop = 6
Probability amplitude of |1...1>: 1
Probability amplitude of |1...1>: 0
loop = 7
Probability amplitude of |1...1>: 1
Probability amplitude of |1...1>: 0
loop = 8
Probability amplitude of |1...1>: 1
Probability amplitude of |1...1>: 0
loop = 9
Probability amplitude of |1...1>: 1
Probability amplitude of |1...1>: 0
loop = 10
Probability amplitude of |1...1>: 1
Probability amplitude of |1...1>: 0
loop = 11
Probability amplitude of |1...1>: 1
Probability amplitude of |1...1>: 0
loop = 12
Probability amplitude of |1...1>: 1
Probability amplitude of |1...1>: 0
loop = 13
Probability amplitude of |1...1>: 1
Probability amplitude of |1...1>: 0
loop = 14
Probability amplitude of |1...1>: 1
Probability amplitude of |1...1>: 0
loop = 15
Probability amplitude of |1...1>: 1
Probability amplitude of |1...1>: 0
loop = 16
Probability amplitude of |1...1>: 1
Probability amplitude of |1...1>: 0
loop = 17
Probability amplitude of |1...1>: 1
Probability amplitude of |1...1>: 0
loop = 18
Probability amplitude of |1...1>: 1
Probability amplitude of |1...1>: 0
loop = 19
Probability amplitude of |1...1>: 1
Probability amplitude of |1...1>: 0
loop = 20
Probability amplitude of |1...1>: 1
Probability amplitude of |1...1>: 0
loop = 21
Probability amplitude of |1...1>: 1
Probability amplitude of |1...1>: 0
loop = 22
Probability amplitude of |1...1>: 1
Probability amplitude of |1...1>: 0
loop = 23
Probability amplitude of |1...1>: 1
Probability amplitude of |1...1>: 0
loop = 24
Probability amplitude of |1...1>: 1
Probability amplitude of |1...1>: 0
loop = 25
Probability amplitude of |1...1>: 1
Probability amplitude of |1...1>: 0
loop = 26
Probability amplitude of |1...1>: 1
Probability amplitude of |1...1>: 0
loop = 27
Probability amplitude of |1...1>: 1
Probability amplitude of |1...1>: 0
loop = 28
Probability amplitude of |1...1>: 1
Probability amplitude of |1...1>: 0
loop = 29
Probability amplitude of |1...1>: 1
Probability amplitude of |1...1>: 0
loop = 30
Probability amplitude of |1...1>: 1
Probability amplitude of |1...1>: 0

------------
Finishing...
------------

Time components:
---------------------------------------------------
Allocation & Initialization: 8.823473e-01 (seconds)
Circuit Operation:           9.860932e+01 (seconds)
Deallocation:                3.661106e-03 (seconds)
---------------------------------------------------
MPI time. min: 51.04   max: 51.94  avrg: 51.40 secs 
MPI transfer size. min: 2880.00   max: 2880.00  avrg: 2880.00 GB 
MPI Bandwidth per rank. min: 55.45   max: 56.43  avrg: 56.03 GB/s 
[m[m[m[m[m[m[m[mFinished app run. Tue 07 Jan 2025 04:20:27 PM PST
Finished SLURM job. Tue 07 Jan 2025 04:20:27 PM PST
