Creating GPU Distributed environment. 
---------------------------------------------------------------------------------
Running BMT:
	Basic circuit involving a sequential conduction of X & CNOT gates
---------------------------------------------------------------------------------
WARNING: No CPU allocation for stateVec arrays 

-------------------
Basic Configuration
-------------------
QUBITS:
Number of qubits is 33.
Number of amps is 8589934592.
Number of amps per rank is 1073741824.
EXECUTION ENVIRONMENT:
Running locally on one node with GPU via custom kernels
Number of ranks is 8
OpenMP disabled
Precision: size of qreal is 8 bytes

------------------
Running Circuit...
------------------
loop = 1
Probability amplitude of |1...1>: 1
Probability amplitude of |1...1>: 0
loop = 2
Probability amplitude of |1...1>: 1
Probability amplitude of |1...1>: 0
loop = 3
Probability amplitude of |1...1>: 1
Probability amplitude of |1...1>: 0
loop = 4
Probability amplitude of |1...1>: 1
Probability amplitude of |1...1>: 0
loop = 5
Probability amplitude of |1...1>: 1
Probability amplitude of |1...1>: 0
loop = 6
Probability amplitude of |1...1>: 1
Probability amplitude of |1...1>: 0
loop = 7
Probability amplitude of |1...1>: 1
Probability amplitude of |1...1>: 0
loop = 8
Probability amplitude of |1...1>: 1
Probability amplitude of |1...1>: 0
loop = 9
Probability amplitude of |1...1>: 1
Probability amplitude of |1...1>: 0
loop = 10
Probability amplitude of |1...1>: 1
Probability amplitude of |1...1>: 0
loop = 11
Probability amplitude of |1...1>: 1
Probability amplitude of |1...1>: 0
loop = 12
Probability amplitude of |1...1>: 1
Probability amplitude of |1...1>: 0
loop = 13
Probability amplitude of |1...1>: 1
Probability amplitude of |1...1>: 0
loop = 14
Probability amplitude of |1...1>: 1
Probability amplitude of |1...1>: 0
loop = 15
Probability amplitude of |1...1>: 1
Probability amplitude of |1...1>: 0
loop = 16
Probability amplitude of |1...1>: 1
Probability amplitude of |1...1>: 0
loop = 17
Probability amplitude of |1...1>: 1
Probability amplitude of |1...1>: 0
loop = 18
Probability amplitude of |1...1>: 1
Probability amplitude of |1...1>: 0
loop = 19
Probability amplitude of |1...1>: 1
Probability amplitude of |1...1>: 0
loop = 20
Probability amplitude of |1...1>: 1
Probability amplitude of |1...1>: 0
loop = 21
Probability amplitude of |1...1>: 1
Probability amplitude of |1...1>: 0
loop = 22
Probability amplitude of |1...1>: 1
Probability amplitude of |1...1>: 0
loop = 23
Probability amplitude of |1...1>: 1
Probability amplitude of |1...1>: 0
loop = 24
Probability amplitude of |1...1>: 1
Probability amplitude of |1...1>: 0
loop = 25
Probability amplitude of |1...1>: 1
Probability amplitude of |1...1>: 0
loop = 26
Probability amplitude of |1...1>: 1
Probability amplitude of |1...1>: 0
loop = 27
Probability amplitude of |1...1>: 1
Probability amplitude of |1...1>: 0
loop = 28
Probability amplitude of |1...1>: 1
Probability amplitude of |1...1>: 0
loop = 29
Probability amplitude of |1...1>: 1
Probability amplitude of |1...1>: 0
loop = 30
Probability amplitude of |1...1>: 1
Probability amplitude of |1...1>: 0

------------
Finishing...
------------

Time components:
---------------------------------------------------
Allocation & Initialization: 2.915149e-01 (seconds)
Circuit Operation:           9.746222e+01 (seconds)
Deallocation:                3.640009e-03 (seconds)
---------------------------------------------------
MPI time. min: 51.06   max: 51.55  avrg: 51.38 secs 
MPI transfer size. min: 2880.00   max: 2880.00  avrg: 2880.00 GB 
MPI Bandwidth per rank. min: 55.87   max: 56.40  avrg: 56.05 GB/s 
