SLUM_NODES=8  NODE_LIST:x1000c2s4b0n0,x1000c2s4b1n0,x1000c2s5b0n0,x1000c2s5b1n0,x1000c2s7b0n0,x1000c2s7b1n0,x1000c3s0b0n0,x1000c3s0b1n0
Starting SLURM job. Wed 18 Dec 2024 11:45:07 AM PST
Setting environment for system: lockhart_mi250x
QUEST_ROOT: /home/bvillase/code/kisti/QuEST
Starting app run. Wed 18 Dec 2024 11:45:07 AM PST
QUEST_SYSTEM=lockhart_mi250x
QUEST_EXEC=/home/bvillase/code/kisti/QuEST/build/quest_problem_1_mi250x
N_QUBIT=36
Run command: srun -n 64 --cpu-bind=verbose --cpu-bind=mask_cpu:ff000000000000,ff00000000000000,ff0000,ff000000,ff,ff00,ff00000000,ff0000000000 /home/bvillase/code/kisti/QuEST/build/quest_problem_1_mi250x 36 |& tee /home/bvillase/benchmarks/quest/mi250x/problem_1/run_nqubit36_nnodes8_nmpi64/app_output.log
Creating GPU Distributed environment. 
---------------------------------------------------------------------------------
Running BMT:
	Basic circuit involving a sequential conduction of X & CNOT gates
---------------------------------------------------------------------------------
WARNING: No CPU allocation for stateVec arrays 

-------------------
Basic Configuration
-------------------
QUBITS:
Number of qubits is 36.
Number of amps is 68719476736.
Number of amps per rank is 1073741824.
EXECUTION ENVIRONMENT:
Running locally on one node with GPU via custom kernels
Number of ranks is 64
OpenMP disabled
Precision: size of qreal is 8 bytes

------------------
Running Circuit...
------------------
loop = 1
Probability amplitude of |1...1>: 1
Probability amplitude of |1...1>: 0
loop = 2
Probability amplitude of |1...1>: 1
Probability amplitude of |1...1>: 0
loop = 3
Probability amplitude of |1...1>: 1
Probability amplitude of |1...1>: 0
loop = 4
Probability amplitude of |1...1>: 1
Probability amplitude of |1...1>: 0
loop = 5
Probability amplitude of |1...1>: 1
Probability amplitude of |1...1>: 0
loop = 6
Probability amplitude of |1...1>: 1
Probability amplitude of |1...1>: 0
loop = 7
Probability amplitude of |1...1>: 1
Probability amplitude of |1...1>: 0
loop = 8
Probability amplitude of |1...1>: 1
Probability amplitude of |1...1>: 0
loop = 9
Probability amplitude of |1...1>: 1
Probability amplitude of |1...1>: 0
loop = 10
Probability amplitude of |1...1>: 1
Probability amplitude of |1...1>: 0
loop = 11
Probability amplitude of |1...1>: 1
Probability amplitude of |1...1>: 0
loop = 12
Probability amplitude of |1...1>: 1
Probability amplitude of |1...1>: 0
loop = 13
Probability amplitude of |1...1>: 1
Probability amplitude of |1...1>: 0
loop = 14
Probability amplitude of |1...1>: 1
Probability amplitude of |1...1>: 0
loop = 15
Probability amplitude of |1...1>: 1
Probability amplitude of |1...1>: 0
loop = 16
Probability amplitude of |1...1>: 1
Probability amplitude of |1...1>: 0
loop = 17
Probability amplitude of |1...1>: 1
Probability amplitude of |1...1>: 0
loop = 18
Probability amplitude of |1...1>: 1
Probability amplitude of |1...1>: 0
loop = 19
Probability amplitude of |1...1>: 1
Probability amplitude of |1...1>: 0
loop = 20
Probability amplitude of |1...1>: 1
Probability amplitude of |1...1>: 0
loop = 21
Probability amplitude of |1...1>: 1
Probability amplitude of |1...1>: 0
loop = 22
Probability amplitude of |1...1>: 1
Probability amplitude of |1...1>: 0
loop = 23
Probability amplitude of |1...1>: 1
Probability amplitude of |1...1>: 0
loop = 24
Probability amplitude of |1...1>: 1
Probability amplitude of |1...1>: 0
loop = 25
Probability amplitude of |1...1>: 1
Probability amplitude of |1...1>: 0
loop = 26
Probability amplitude of |1...1>: 1
Probability amplitude of |1...1>: 0
loop = 27
Probability amplitude of |1...1>: 1
Probability amplitude of |1...1>: 0
loop = 28
Probability amplitude of |1...1>: 1
Probability amplitude of |1...1>: 0
loop = 29
Probability amplitude of |1...1>: 1
Probability amplitude of |1...1>: 0
loop = 30
Probability amplitude of |1...1>: 1
Probability amplitude of |1...1>: 0

------------
Finishing...
------------

Time components:
---------------------------------------------------
Allocation & Initialization: 2.873282e-01 (seconds)
Circuit Operation:           3.653439e+02 (seconds)
Deallocation:                3.621097e-03 (seconds)
---------------------------------------------------
MPI time. min: 272.09   max: 317.24  avrg: 294.53 secs 
MPI transfer size. min: 5760.00   max: 5760.00  avrg: 5760.00 GB 
MPI Bandwidth per rank. min: 18.16   max: 21.17  avrg: 19.62 GB/s 
Finished app run. Wed 18 Dec 2024 11:51:15 AM PST
Finished SLURM job. Wed 18 Dec 2024 11:51:15 AM PST
